<?xml version="1.0" encoding="utf-8"?><testsuites name="pytest tests"><testsuite name="pytest" errors="0" failures="0" skipped="0" tests="10" time="1.084" timestamp="2026-06-08T21:30:28.894871+00:00" hostname="agent-env-10d9ed99-7e47-4290-8381-19767c473154"><testcase classname="backend.tests.test_progress_api.TestRoot" name="test_root" time="0.311" /><testcase classname="backend.tests.test_progress_api.TestInit" name="test_init_creates_player" time="0.056" /><testcase classname="backend.tests.test_progress_api.TestGetProgress" name="test_get_existing" time="0.055" /><testcase classname="backend.tests.test_progress_api.TestGetProgress" name="test_get_missing" time="0.057" /><testcase classname="backend.tests.test_progress_api.TestComplete" name="test_complete_level_1" time="0.119" /><testcase classname="backend.tests.test_progress_api.TestComplete" name="test_complete_level_2_increments_current" time="0.061" /><testcase classname="backend.tests.test_progress_api.TestComplete" name="test_complete_idempotent" time="0.057" /><testcase classname="backend.tests.test_progress_api.TestComplete" name="test_complete_level_30_caps_current" time="0.061" /><testcase classname="backend.tests.test_progress_api.TestReset" name="test_reset" time="0.135" /><testcase classname="backend.tests.test_progress_api.TestLeaderboard" name="test_leaderboard" time="0.058" /></testsuite></testsuites>