<?xml version="1.0" encoding="utf-8"?><testsuites name="pytest tests"><testsuite name="pytest" errors="0" failures="0" skipped="0" tests="6" time="1.635" timestamp="2026-06-05T16:23:17.472515+00:00" hostname="agent-env-10d9ed99-7e47-4290-8381-19767c473154"><testcase classname="backend.tests.test_phase3_coins.TestProgressInit" name="test_init_creates_player_with_100_starting_coins" time="0.339" /><testcase classname="backend.tests.test_phase3_coins.TestCoinsUpdate" name="test_ad_reward_increments_coins_and_ads_watched" time="0.221" /><testcase classname="backend.tests.test_phase3_coins.TestCoinsUpdate" name="test_word_reveal_decrements_coins_without_increasing_ads" time="0.207" /><testcase classname="backend.tests.test_phase3_coins.TestCoinsUpdate" name="test_insufficient_coins_returns_400" time="0.220" /><testcase classname="backend.tests.test_phase3_coins.TestCoinsUpdate" name="test_unknown_player_returns_404" time="0.106" /><testcase classname="backend.tests.test_phase3_coins.TestResetSemantics" name="test_reset_preserves_name_resets_coins_to_100" time="0.302" /></testsuite></testsuites>