<?xml version="1.0" encoding="utf-8"?><testsuites name="pytest tests"><testsuite name="pytest" errors="0" failures="0" skipped="0" tests="11" time="2.916" timestamp="2026-06-05T14:48:03.933432+00:00" hostname="agent-env-10d9ed99-7e47-4290-8381-19767c473154"><testcase classname="backend.tests.test_phase2_api.TestNameUpdate" name="test_update_name_success" time="0.481" /><testcase classname="backend.tests.test_phase2_api.TestNameUpdate" name="test_update_name_empty_clears" time="0.143" /><testcase classname="backend.tests.test_phase2_api.TestNameUpdate" name="test_update_name_404_when_missing" time="0.103" /><testcase classname="backend.tests.test_phase2_api.TestBestTimes" name="test_best_time_initial" time="0.117" /><testcase classname="backend.tests.test_phase2_api.TestBestTimes" name="test_best_time_keeps_lowest" time="0.289" /><testcase classname="backend.tests.test_phase2_api.TestBestTimes" name="test_best_time_zero_or_none_ignored" time="0.115" /><testcase classname="backend.tests.test_phase2_api.TestLeaderboard" name="test_leaderboard_includes_total_best_time" time="0.228" /><testcase classname="backend.tests.test_phase2_api.TestLeaderboard" name="test_leaderboard_limit" time="0.056" /><testcase classname="backend.tests.test_phase2_api.TestLeaderboard" name="test_leaderboard_sorted_by_completed_desc" time="0.401" /><testcase classname="backend.tests.test_phase2_api.TestLeaderboard" name="test_leaderboard_tiebreak_by_total_time_asc" time="0.395" /><testcase classname="backend.tests.test_phase2_api.TestResetPreservesName" name="test_reset_keeps_name_clears_progress" time="0.364" /></testsuite></testsuites>